<?xml version="1.0" encoding="UTF-8"?>
<!-- Generated by org.testng.reporters.JUnitReportReporter -->
<testsuite hostname="admin-PC" name="org.cts.test.testNG" tests="1" failures="0" timestamp="24 Apr 2022 13:24:21 GMT" time="100.865" errors="0">
  <testcase name="test1" time="100.865" classname="org.cts.test.testNG"/>
</testsuite> <!-- org.cts.test.testNG -->
